# JRE version: OpenJDK Runtime Environment (8.0_152-b06) (build 1.8.0_152-release-1136-b06)
# Java VM: OpenJDK 64-Bit Server VM (25.152-b06 mixed mode windows-amd64 compressed oops)
Heap:
 PSYoungGen      total 102400K, used 50840K [0x00000000e0000000, 0x00000000e9c80000, 0x0000000100000000)
  eden space 91648K, 43% used [0x00000000e0000000,0x00000000e272a370,0x00000000e5980000)
  from space 10752K, 99% used [0x00000000e6780000,0x00000000e71fc040,0x00000000e7200000)
  to   space 14336K, 0% used [0x00000000e5980000,0x00000000e5980000,0x00000000e6780000)
 ParOldGen       total 106496K, used 20520K [0x00000000a0000000, 0x00000000a6800000, 0x00000000e0000000)
  object space 106496K, 19% used [0x00000000a0000000,0x00000000a140a320,0x00000000a6800000)
 Metaspace       used 52270K, capacity 53812K, committed 53928K, reserved 1095680K
  class space    used 7083K, capacity 7487K, committed 7600K, reserved 1048576K
GC Heap History (10 events):
Event: 4.669 GC heap before
{Heap before GC invocations=6 (full 1):
 PSYoungGen      total 76288K, used 72728K [0x00000000e0000000, 0x00000000e7300000, 0x0000000100000000)
  eden space 65536K, 100% used [0x00000000e0000000,0x00000000e4000000,0x00000000e4000000)
  from space 10752K, 66% used [0x00000000e4a80000,0x00000000e51863b0,0x00000000e5500000)
  to   space 10752K, 0% used [0x00000000e4000000,0x00000000e4000000,0x00000000e4a80000)
 ParOldGen       total 106496K, used 8569K [0x00000000a0000000, 0x00000000a6800000, 0x00000000e0000000)
  object space 106496K, 8% used [0x00000000a0000000,0x00000000a085e5f8,0x00000000a6800000)
 Metaspace       used 30012K, capacity 30508K, committed 30768K, reserved 1075200K
  class space    used 4172K, capacity 4319K, committed 4400K, reserved 1048576K
Event: 4.675 GC heap after
Heap after GC invocations=6 (full 1):
 PSYoungGen      total 76288K, used 8540K [0x00000000e0000000, 0x00000000e7200000, 0x0000000100000000)
  eden space 65536K, 0% used [0x00000000e0000000,0x00000000e0000000,0x00000000e4000000)
  from space 10752K, 79% used [0x00000000e4000000,0x00000000e48572c8,0x00000000e4a80000)
  to   space 10752K, 0% used [0x00000000e6780000,0x00000000e6780000,0x00000000e7200000)
 ParOldGen       total 106496K, used 8577K [0x00000000a0000000, 0x00000000a6800000, 0x00000000e0000000)
  object space 106496K, 8% used [0x00000000a0000000,0x00000000a08605f8,0x00000000a6800000)
 Metaspace       used 30012K, capacity 30508K, committed 30768K, reserved 1075200K
  class space    used 4172K, capacity 4319K, committed 4400K, reserved 1048576K
}
Event: 5.076 GC heap before
{Heap before GC invocations=7 (full 1):
 PSYoungGen      total 76288K, used 38124K [0x00000000e0000000, 0x00000000e7200000, 0x0000000100000000)
  eden space 65536K, 45% used [0x00000000e0000000,0x00000000e1ce3f88,0x00000000e4000000)
  from space 10752K, 79% used [0x00000000e4000000,0x00000000e48572c8,0x00000000e4a80000)
  to   space 10752K, 0% used [0x00000000e6780000,0x00000000e6780000,0x00000000e7200000)
 ParOldGen       total 106496K, used 8577K [0x00000000a0000000, 0x00000000a6800000, 0x00000000e0000000)
  object space 106496K, 8% used [0x00000000a0000000,0x00000000a08605f8,0x00000000a6800000)
 Metaspace       used 34842K, capacity 35430K, committed 35496K, reserved 1079296K
  class space    used 4811K, capacity 5025K, committed 5040K, reserved 1048576K
Event: 5.083 GC heap after
Heap after GC invocations=7 (full 1):
 PSYoungGen      total 105984K, used 9621K [0x00000000e0000000, 0x00000000e7580000, 0x0000000100000000)
  eden space 95232K, 0% used [0x00000000e0000000,0x00000000e0000000,0x00000000e5d00000)
  from space 10752K, 89% used [0x00000000e6780000,0x00000000e70e5508,0x00000000e7200000)
  to   space 10752K, 0% used [0x00000000e5d00000,0x00000000e5d00000,0x00000000e6780000)
 ParOldGen       total 106496K, used 8585K [0x00000000a0000000, 0x00000000a6800000, 0x00000000e0000000)
  object space 106496K, 8% used [0x00000000a0000000,0x00000000a08625f8,0x00000000a6800000)
 Metaspace       used 34842K, capacity 35430K, committed 35496K, reserved 1079296K
  class space    used 4811K, capacity 5025K, committed 5040K, reserved 1048576K
}
Event: 5.083 GC heap before
{Heap before GC invocations=8 (full 2):
 PSYoungGen      total 105984K, used 9621K [0x00000000e0000000, 0x00000000e7580000, 0x0000000100000000)
  eden space 95232K, 0% used [0x00000000e0000000,0x00000000e0000000,0x00000000e5d00000)
  from space 10752K, 89% used [0x00000000e6780000,0x00000000e70e5508,0x00000000e7200000)
  to   space 10752K, 0% used [0x00000000e5d00000,0x00000000e5d00000,0x00000000e6780000)
 ParOldGen       total 106496K, used 8585K [0x00000000a0000000, 0x00000000a6800000, 0x00000000e0000000)
  object space 106496K, 8% used [0x00000000a0000000,0x00000000a08625f8,0x00000000a6800000)
 Metaspace       used 34842K, capacity 35430K, committed 35496K, reserved 1079296K
  class space    used 4811K, capacity 5025K, committed 5040K, reserved 1048576K
Event: 5.121 GC heap after
Heap after GC invocations=8 (full 2):
 PSYoungGen      total 105984K, used 0K [0x00000000e0000000, 0x00000000e7580000, 0x0000000100000000)
  eden space 95232K, 0% used [0x00000000e0000000,0x00000000e0000000,0x00000000e5d00000)
  from space 10752K, 0% used [0x00000000e6780000,0x00000000e6780000,0x00000000e7200000)
  to   space 10752K, 0% used [0x00000000e5d00000,0x00000000e5d00000,0x00000000e6780000)
 ParOldGen       total 106496K, used 16121K [0x00000000a0000000, 0x00000000a6800000, 0x00000000e0000000)
  object space 106496K, 15% used [0x00000000a0000000,0x00000000a0fbe450,0x00000000a6800000)
 Metaspace       used 34842K, capacity 35430K, committed 35496K, reserved 1079296K
  class space    used 4811K, capacity 5025K, committed 5040K, reserved 1048576K
}
Event: 6.076 GC heap before
{Heap before GC invocations=9 (full 2):
 PSYoungGen      total 105984K, used 95232K [0x00000000e0000000, 0x00000000e7580000, 0x0000000100000000)
  eden space 95232K, 100% used [0x00000000e0000000,0x00000000e5d00000,0x00000000e5d00000)
  from space 10752K, 0% used [0x00000000e6780000,0x00000000e6780000,0x00000000e7200000)
  to   space 10752K, 0% used [0x00000000e5d00000,0x00000000e5d00000,0x00000000e6780000)
 ParOldGen       total 106496K, used 16121K [0x00000000a0000000, 0x00000000a6800000, 0x00000000e0000000)
  object space 106496K, 15% used [0x00000000a0000000,0x00000000a0fbe450,0x00000000a6800000)
 Metaspace       used 41121K, capacity 41836K, committed 42152K, reserved 1085440K
  class space    used 5517K, capacity 5764K, committed 5808K, reserved 1048576K
Event: 6.085 GC heap after
Heap after GC invocations=9 (full 2):
 PSYoungGen      total 105984K, used 10740K [0x00000000e0000000, 0x00000000e7580000, 0x0000000100000000)
  eden space 95232K, 0% used [0x00000000e0000000,0x00000000e0000000,0x00000000e5d00000)
  from space 10752K, 99% used [0x00000000e5d00000,0x00000000e677d188,0x00000000e6780000)
  to   space 10752K, 0% used [0x00000000e6780000,0x00000000e6780000,0x00000000e7200000)
 ParOldGen       total 106496K, used 16273K [0x00000000a0000000, 0x00000000a6800000, 0x00000000e0000000)
  object space 106496K, 15% used [0x00000000a0000000,0x00000000a0fe46d0,0x00000000a6800000)
 Metaspace       used 41121K, capacity 41836K, committed 42152K, reserved 1085440K
  class space    used 5517K, capacity 5764K, committed 5808K, reserved 1048576K
}
Event: 8.341 GC heap before
{Heap before GC invocations=10 (full 2):
 PSYoungGen      total 105984K, used 105972K [0x00000000e0000000, 0x00000000e7580000, 0x0000000100000000)
  eden space 95232K, 100% used [0x00000000e0000000,0x00000000e5d00000,0x00000000e5d00000)
  from space 10752K, 99% used [0x00000000e5d00000,0x00000000e677d188,0x00000000e6780000)
  to   space 10752K, 0% used [0x00000000e6780000,0x00000000e6780000,0x00000000e7200000)
 ParOldGen       total 106496K, used 16273K [0x00000000a0000000, 0x00000000a6800000, 0x00000000e0000000)
  object space 106496K, 15% used [0x00000000a0000000,0x00000000a0fe46d0,0x00000000a6800000)
 Metaspace       used 47821K, capacity 48826K, committed 49064K, reserved 1091584K
  class space    used 6427K, capacity 6714K, committed 6832K, reserved 1048576K
Event: 8.350 GC heap after
Heap after GC invocations=10 (full 2):
 PSYoungGen      total 102400K, used 10736K [0x00000000e0000000, 0x00000000e9c80000, 0x0000000100000000)
  eden space 91648K, 0% used [0x00000000e0000000,0x00000000e0000000,0x00000000e5980000)
  from space 10752K, 99% used [0x00000000e6780000,0x00000000e71fc040,0x00000000e7200000)
  to   space 14336K, 0% used [0x00000000e5980000,0x00000000e5980000,0x00000000e6780000)
 ParOldGen       total 106496K, used 20520K [0x00000000a0000000, 0x00000000a6800000, 0x00000000e0000000)
  object space 106496K, 19% used [0x00000000a0000000,0x00000000a140a320,0x00000000a6800000)
 Metaspace       used 47821K, capacity 48826K, committed 49064K, reserved 1091584K
  class space    used 6427K, capacity 6714K, committed 6832K, reserved 1048576K
}

