# JRE version: OpenJDK Runtime Environment (8.0_152-b06) (build 1.8.0_152-release-1136-b06)
# Java VM: OpenJDK 64-Bit Server VM (25.152-b06 mixed mode windows-amd64 compressed oops)
Heap:
 PSYoungGen      total 105472K, used 68255K [0x00000000e0000000, 0x00000000e7500000, 0x0000000100000000)
  eden space 94208K, 60% used [0x00000000e0000000,0x00000000e37a90b0,0x00000000e5c00000)
  from space 11264K, 99% used [0x00000000e5c00000,0x00000000e66febc8,0x00000000e6700000)
  to   space 10752K, 0% used [0x00000000e6700000,0x00000000e6700000,0x00000000e7180000)
 ParOldGen       total 108032K, used 16176K [0x00000000a0000000, 0x00000000a6980000, 0x00000000e0000000)
  object space 108032K, 14% used [0x00000000a0000000,0x00000000a0fcc078,0x00000000a6980000)
 Metaspace       used 46701K, capacity 47612K, committed 47872K, reserved 1091584K
  class space    used 6312K, capacity 6601K, committed 6656K, reserved 1048576K
GC Heap History (10 events):
Event: 3.627 GC heap before
{Heap before GC invocations=5 (full 1):
 PSYoungGen      total 76288K, used 65536K [0x00000000e0000000, 0x00000000e5500000, 0x0000000100000000)
  eden space 65536K, 100% used [0x00000000e0000000,0x00000000e4000000,0x00000000e4000000)
  from space 10752K, 0% used [0x00000000e4000000,0x00000000e4000000,0x00000000e4a80000)
  to   space 10752K, 0% used [0x00000000e4a80000,0x00000000e4a80000,0x00000000e5500000)
 ParOldGen       total 108032K, used 8513K [0x00000000a0000000, 0x00000000a6980000, 0x00000000e0000000)
  object space 108032K, 7% used [0x00000000a0000000,0x00000000a0850500,0x00000000a6980000)
 Metaspace       used 26782K, capacity 27290K, committed 27392K, reserved 1073152K
  class space    used 3654K, capacity 3801K, committed 3840K, reserved 1048576K
Event: 3.632 GC heap after
Heap after GC invocations=5 (full 1):
 PSYoungGen      total 76288K, used 7237K [0x00000000e0000000, 0x00000000e7280000, 0x0000000100000000)
  eden space 65536K, 0% used [0x00000000e0000000,0x00000000e0000000,0x00000000e4000000)
  from space 10752K, 67% used [0x00000000e4a80000,0x00000000e51914c0,0x00000000e5500000)
  to   space 10752K, 0% used [0x00000000e4000000,0x00000000e4000000,0x00000000e4a80000)
 ParOldGen       total 108032K, used 8521K [0x00000000a0000000, 0x00000000a6980000, 0x00000000e0000000)
  object space 108032K, 7% used [0x00000000a0000000,0x00000000a0852500,0x00000000a6980000)
 Metaspace       used 26782K, capacity 27290K, committed 27392K, reserved 1073152K
  class space    used 3654K, capacity 3801K, committed 3840K, reserved 1048576K
}
Event: 4.266 GC heap before
{Heap before GC invocations=6 (full 1):
 PSYoungGen      total 76288K, used 72773K [0x00000000e0000000, 0x00000000e7280000, 0x0000000100000000)
  eden space 65536K, 100% used [0x00000000e0000000,0x00000000e4000000,0x00000000e4000000)
  from space 10752K, 67% used [0x00000000e4a80000,0x00000000e51914c0,0x00000000e5500000)
  to   space 10752K, 0% used [0x00000000e4000000,0x00000000e4000000,0x00000000e4a80000)
 ParOldGen       total 108032K, used 8521K [0x00000000a0000000, 0x00000000a6980000, 0x00000000e0000000)
  object space 108032K, 7% used [0x00000000a0000000,0x00000000a0852500,0x00000000a6980000)
 Metaspace       used 30012K, capacity 30508K, committed 30720K, reserved 1075200K
  class space    used 4172K, capacity 4319K, committed 4352K, reserved 1048576K
Event: 4.271 GC heap after
Heap after GC invocations=6 (full 1):
 PSYoungGen      total 76288K, used 8508K [0x00000000e0000000, 0x00000000e7180000, 0x0000000100000000)
  eden space 65536K, 0% used [0x00000000e0000000,0x00000000e0000000,0x00000000e4000000)
  from space 10752K, 79% used [0x00000000e4000000,0x00000000e484f388,0x00000000e4a80000)
  to   space 10752K, 0% used [0x00000000e6700000,0x00000000e6700000,0x00000000e7180000)
 ParOldGen       total 108032K, used 8529K [0x00000000a0000000, 0x00000000a6980000, 0x00000000e0000000)
  object space 108032K, 7% used [0x00000000a0000000,0x00000000a0854500,0x00000000a6980000)
 Metaspace       used 30012K, capacity 30508K, committed 30720K, reserved 1075200K
  class space    used 4172K, capacity 4319K, committed 4352K, reserved 1048576K
}
Event: 4.659 GC heap before
{Heap before GC invocations=7 (full 1):
 PSYoungGen      total 76288K, used 39037K [0x00000000e0000000, 0x00000000e7180000, 0x0000000100000000)
  eden space 65536K, 46% used [0x00000000e0000000,0x00000000e1dd0140,0x00000000e4000000)
  from space 10752K, 79% used [0x00000000e4000000,0x00000000e484f388,0x00000000e4a80000)
  to   space 10752K, 0% used [0x00000000e6700000,0x00000000e6700000,0x00000000e7180000)
 ParOldGen       total 108032K, used 8529K [0x00000000a0000000, 0x00000000a6980000, 0x00000000e0000000)
  object space 108032K, 7% used [0x00000000a0000000,0x00000000a0854500,0x00000000a6980000)
 Metaspace       used 34674K, capacity 35270K, committed 35416K, reserved 1079296K
  class space    used 4794K, capacity 4993K, committed 5120K, reserved 1048576K
Event: 4.665 GC heap after
Heap after GC invocations=7 (full 1):
 PSYoungGen      total 104960K, used 9552K [0x00000000e0000000, 0x00000000e7500000, 0x0000000100000000)
  eden space 94208K, 0% used [0x00000000e0000000,0x00000000e0000000,0x00000000e5c00000)
  from space 10752K, 88% used [0x00000000e6700000,0x00000000e7054340,0x00000000e7180000)
  to   space 11264K, 0% used [0x00000000e5c00000,0x00000000e5c00000,0x00000000e6700000)
 ParOldGen       total 108032K, used 8537K [0x00000000a0000000, 0x00000000a6980000, 0x00000000e0000000)
  object space 108032K, 7% used [0x00000000a0000000,0x00000000a0856500,0x00000000a6980000)
 Metaspace       used 34674K, capacity 35270K, committed 35416K, reserved 1079296K
  class space    used 4794K, capacity 4993K, committed 5120K, reserved 1048576K
}
Event: 4.665 GC heap before
{Heap before GC invocations=8 (full 2):
 PSYoungGen      total 104960K, used 9552K [0x00000000e0000000, 0x00000000e7500000, 0x0000000100000000)
  eden space 94208K, 0% used [0x00000000e0000000,0x00000000e0000000,0x00000000e5c00000)
  from space 10752K, 88% used [0x00000000e6700000,0x00000000e7054340,0x00000000e7180000)
  to   space 11264K, 0% used [0x00000000e5c00000,0x00000000e5c00000,0x00000000e6700000)
 ParOldGen       total 108032K, used 8537K [0x00000000a0000000, 0x00000000a6980000, 0x00000000e0000000)
  object space 108032K, 7% used [0x00000000a0000000,0x00000000a0856500,0x00000000a6980000)
 Metaspace       used 34674K, capacity 35270K, committed 35416K, reserved 1079296K
  class space    used 4794K, capacity 4993K, committed 5120K, reserved 1048576K
Event: 4.700 GC heap after
Heap after GC invocations=8 (full 2):
 PSYoungGen      total 104960K, used 0K [0x00000000e0000000, 0x00000000e7500000, 0x0000000100000000)
  eden space 94208K, 0% used [0x00000000e0000000,0x00000000e0000000,0x00000000e5c00000)
  from space 10752K, 0% used [0x00000000e6700000,0x00000000e6700000,0x00000000e7180000)
  to   space 11264K, 0% used [0x00000000e5c00000,0x00000000e5c00000,0x00000000e6700000)
 ParOldGen       total 108032K, used 16038K [0x00000000a0000000, 0x00000000a6980000, 0x00000000e0000000)
  object space 108032K, 14% used [0x00000000a0000000,0x00000000a0fa9908,0x00000000a6980000)
 Metaspace       used 34674K, capacity 35270K, committed 35416K, reserved 1079296K
  class space    used 4794K, capacity 4993K, committed 5120K, reserved 1048576K
}
Event: 5.572 GC heap before
{Heap before GC invocations=9 (full 2):
 PSYoungGen      total 104960K, used 94208K [0x00000000e0000000, 0x00000000e7500000, 0x0000000100000000)
  eden space 94208K, 100% used [0x00000000e0000000,0x00000000e5c00000,0x00000000e5c00000)
  from space 10752K, 0% used [0x00000000e6700000,0x00000000e6700000,0x00000000e7180000)
  to   space 11264K, 0% used [0x00000000e5c00000,0x00000000e5c00000,0x00000000e6700000)
 ParOldGen       total 108032K, used 16038K [0x00000000a0000000, 0x00000000a6980000, 0x00000000e0000000)
  object space 108032K, 14% used [0x00000000a0000000,0x00000000a0fa9908,0x00000000a6980000)
 Metaspace       used 40973K, capacity 41740K, committed 41856K, reserved 1085440K
  class space    used 5492K, capacity 5732K, committed 5760K, reserved 1048576K
Event: 5.579 GC heap after
Heap after GC invocations=9 (full 2):
 PSYoungGen      total 105472K, used 11258K [0x00000000e0000000, 0x00000000e7500000, 0x0000000100000000)
  eden space 94208K, 0% used [0x00000000e0000000,0x00000000e0000000,0x00000000e5c00000)
  from space 11264K, 99% used [0x00000000e5c00000,0x00000000e66febc8,0x00000000e6700000)
  to   space 10752K, 0% used [0x00000000e6700000,0x00000000e6700000,0x00000000e7180000)
 ParOldGen       total 108032K, used 16176K [0x00000000a0000000, 0x00000000a6980000, 0x00000000e0000000)
  object space 108032K, 14% used [0x00000000a0000000,0x00000000a0fcc078,0x00000000a6980000)
 Metaspace       used 40973K, capacity 41740K, committed 41856K, reserved 1085440K
  class space    used 5492K, capacity 5732K, committed 5760K, reserved 1048576K
}

