# JRE version: OpenJDK Runtime Environment (8.0_152-b06) (build 1.8.0_152-release-1136-b06)
# Java VM: OpenJDK 64-Bit Server VM (25.152-b06 mixed mode windows-amd64 compressed oops)
Heap:
 PSYoungGen      total 138752K, used 125118K [0x00000000e0000000, 0x00000000ea600000, 0x0000000100000000)
  eden space 128000K, 97% used [0x00000000e0000000,0x00000000e7a2fa98,0x00000000e7d00000)
  from space 10752K, 0% used [0x00000000e7d00000,0x00000000e7d00000,0x00000000e8780000)
  to   space 13824K, 0% used [0x00000000e9880000,0x00000000e9880000,0x00000000ea600000)
 ParOldGen       total 180736K, used 19038K [0x00000000a0000000, 0x00000000ab080000, 0x00000000e0000000)
  object space 180736K, 10% used [0x00000000a0000000,0x00000000a1297958,0x00000000ab080000)
 Metaspace       used 42693K, capacity 43544K, committed 43904K, reserved 1087488K
  class space    used 5770K, capacity 6007K, committed 6016K, reserved 1048576K
GC Heap History (10 events):
Event: 2.825 GC heap before
{Heap before GC invocations=3 (full 0):
 PSYoungGen      total 76288K, used 33621K [0x00000000e0000000, 0x00000000e5500000, 0x0000000100000000)
  eden space 65536K, 34% used [0x00000000e0000000,0x00000000e1657220,0x00000000e4000000)
  from space 10752K, 99% used [0x00000000e4a80000,0x00000000e54fe310,0x00000000e5500000)
  to   space 10752K, 0% used [0x00000000e4000000,0x00000000e4000000,0x00000000e4a80000)
 ParOldGen       total 175104K, used 44K [0x00000000a0000000, 0x00000000aab00000, 0x00000000e0000000)
  object space 175104K, 0% used [0x00000000a0000000,0x00000000a000b3e0,0x00000000aab00000)
 Metaspace       used 20675K, capacity 21160K, committed 21248K, reserved 1067008K
  class space    used 2886K, capacity 3044K, committed 3072K, reserved 1048576K
Event: 2.831 GC heap after
Heap after GC invocations=3 (full 0):
 PSYoungGen      total 76288K, used 8673K [0x00000000e0000000, 0x00000000e9500000, 0x0000000100000000)
  eden space 65536K, 0% used [0x00000000e0000000,0x00000000e0000000,0x00000000e4000000)
  from space 10752K, 80% used [0x00000000e4000000,0x00000000e48787c8,0x00000000e4a80000)
  to   space 10752K, 0% used [0x00000000e8a80000,0x00000000e8a80000,0x00000000e9500000)
 ParOldGen       total 175104K, used 52K [0x00000000a0000000, 0x00000000aab00000, 0x00000000e0000000)
  object space 175104K, 0% used [0x00000000a0000000,0x00000000a000d3e0,0x00000000aab00000)
 Metaspace       used 20675K, capacity 21160K, committed 21248K, reserved 1067008K
  class space    used 2886K, capacity 3044K, committed 3072K, reserved 1048576K
}
Event: 2.831 GC heap before
{Heap before GC invocations=4 (full 1):
 PSYoungGen      total 76288K, used 8673K [0x00000000e0000000, 0x00000000e9500000, 0x0000000100000000)
  eden space 65536K, 0% used [0x00000000e0000000,0x00000000e0000000,0x00000000e4000000)
  from space 10752K, 80% used [0x00000000e4000000,0x00000000e48787c8,0x00000000e4a80000)
  to   space 10752K, 0% used [0x00000000e8a80000,0x00000000e8a80000,0x00000000e9500000)
 ParOldGen       total 175104K, used 52K [0x00000000a0000000, 0x00000000aab00000, 0x00000000e0000000)
  object space 175104K, 0% used [0x00000000a0000000,0x00000000a000d3e0,0x00000000aab00000)
 Metaspace       used 20675K, capacity 21160K, committed 21248K, reserved 1067008K
  class space    used 2886K, capacity 3044K, committed 3072K, reserved 1048576K
Event: 2.864 GC heap after
Heap after GC invocations=4 (full 1):
 PSYoungGen      total 76288K, used 0K [0x00000000e0000000, 0x00000000e9500000, 0x0000000100000000)
  eden space 65536K, 0% used [0x00000000e0000000,0x00000000e0000000,0x00000000e4000000)
  from space 10752K, 0% used [0x00000000e4000000,0x00000000e4000000,0x00000000e4a80000)
  to   space 10752K, 0% used [0x00000000e8a80000,0x00000000e8a80000,0x00000000e9500000)
 ParOldGen       total 108032K, used 8426K [0x00000000a0000000, 0x00000000a6980000, 0x00000000e0000000)
  object space 108032K, 7% used [0x00000000a0000000,0x00000000a083aba0,0x00000000a6980000)
 Metaspace       used 20675K, capacity 21160K, committed 21248K, reserved 1067008K
  class space    used 2886K, capacity 3044K, committed 3072K, reserved 1048576K
}
Event: 3.562 GC heap before
{Heap before GC invocations=5 (full 1):
 PSYoungGen      total 76288K, used 65536K [0x00000000e0000000, 0x00000000e9500000, 0x0000000100000000)
  eden space 65536K, 100% used [0x00000000e0000000,0x00000000e4000000,0x00000000e4000000)
  from space 10752K, 0% used [0x00000000e4000000,0x00000000e4000000,0x00000000e4a80000)
  to   space 10752K, 0% used [0x00000000e8a80000,0x00000000e8a80000,0x00000000e9500000)
 ParOldGen       total 108032K, used 8426K [0x00000000a0000000, 0x00000000a6980000, 0x00000000e0000000)
  object space 108032K, 7% used [0x00000000a0000000,0x00000000a083aba0,0x00000000a6980000)
 Metaspace       used 26776K, capacity 27298K, committed 27648K, reserved 1073152K
  class space    used 3655K, capacity 3801K, committed 3840K, reserved 1048576K
Event: 3.568 GC heap after
Heap after GC invocations=5 (full 1):
 PSYoungGen      total 104448K, used 7348K [0x00000000e0000000, 0x00000000e9200000, 0x0000000100000000)
  eden space 96768K, 0% used [0x00000000e0000000,0x00000000e0000000,0x00000000e5e80000)
  from space 7680K, 95% used [0x00000000e8a80000,0x00000000e91ad3f8,0x00000000e9200000)
  to   space 10752K, 0% used [0x00000000e7d00000,0x00000000e7d00000,0x00000000e8780000)
 ParOldGen       total 108032K, used 8434K [0x00000000a0000000, 0x00000000a6980000, 0x00000000e0000000)
  object space 108032K, 7% used [0x00000000a0000000,0x00000000a083cba0,0x00000000a6980000)
 Metaspace       used 26776K, capacity 27298K, committed 27648K, reserved 1073152K
  class space    used 3655K, capacity 3801K, committed 3840K, reserved 1048576K
}
Event: 4.639 GC heap before
{Heap before GC invocations=6 (full 1):
 PSYoungGen      total 104448K, used 102872K [0x00000000e0000000, 0x00000000e9200000, 0x0000000100000000)
  eden space 96768K, 98% used [0x00000000e0000000,0x00000000e5d48f40,0x00000000e5e80000)
  from space 7680K, 95% used [0x00000000e8a80000,0x00000000e91ad3f8,0x00000000e9200000)
  to   space 10752K, 0% used [0x00000000e7d00000,0x00000000e7d00000,0x00000000e8780000)
 ParOldGen       total 108032K, used 8434K [0x00000000a0000000, 0x00000000a6980000, 0x00000000e0000000)
  object space 108032K, 7% used [0x00000000a0000000,0x00000000a083cba0,0x00000000a6980000)
 Metaspace       used 34585K, capacity 35214K, committed 35416K, reserved 1079296K
  class space    used 4789K, capacity 4993K, committed 5120K, reserved 1048576K
Event: 4.649 GC heap after
Heap after GC invocations=6 (full 1):
 PSYoungGen      total 138752K, used 10732K [0x00000000e0000000, 0x00000000ea600000, 0x0000000100000000)
  eden space 128000K, 0% used [0x00000000e0000000,0x00000000e0000000,0x00000000e7d00000)
  from space 10752K, 99% used [0x00000000e7d00000,0x00000000e877b000,0x00000000e8780000)
  to   space 13824K, 0% used [0x00000000e9880000,0x00000000e9880000,0x00000000ea600000)
 ParOldGen       total 108032K, used 10571K [0x00000000a0000000, 0x00000000a6980000, 0x00000000e0000000)
  object space 108032K, 9% used [0x00000000a0000000,0x00000000a0a52da0,0x00000000a6980000)
 Metaspace       used 34585K, capacity 35214K, committed 35416K, reserved 1079296K
  class space    used 4789K, capacity 4993K, committed 5120K, reserved 1048576K
}
Event: 4.649 GC heap before
{Heap before GC invocations=7 (full 2):
 PSYoungGen      total 138752K, used 10732K [0x00000000e0000000, 0x00000000ea600000, 0x0000000100000000)
  eden space 128000K, 0% used [0x00000000e0000000,0x00000000e0000000,0x00000000e7d00000)
  from space 10752K, 99% used [0x00000000e7d00000,0x00000000e877b000,0x00000000e8780000)
  to   space 13824K, 0% used [0x00000000e9880000,0x00000000e9880000,0x00000000ea600000)
 ParOldGen       total 108032K, used 10571K [0x00000000a0000000, 0x00000000a6980000, 0x00000000e0000000)
  object space 108032K, 9% used [0x00000000a0000000,0x00000000a0a52da0,0x00000000a6980000)
 Metaspace       used 34585K, capacity 35214K, committed 35416K, reserved 1079296K
  class space    used 4789K, capacity 4993K, committed 5120K, reserved 1048576K
Event: 4.685 GC heap after
Heap after GC invocations=7 (full 2):
 PSYoungGen      total 138752K, used 0K [0x00000000e0000000, 0x00000000ea600000, 0x0000000100000000)
  eden space 128000K, 0% used [0x00000000e0000000,0x00000000e0000000,0x00000000e7d00000)
  from space 10752K, 0% used [0x00000000e7d00000,0x00000000e7d00000,0x00000000e8780000)
  to   space 13824K, 0% used [0x00000000e9880000,0x00000000e9880000,0x00000000ea600000)
 ParOldGen       total 180736K, used 19038K [0x00000000a0000000, 0x00000000ab080000, 0x00000000e0000000)
  object space 180736K, 10% used [0x00000000a0000000,0x00000000a1297958,0x00000000ab080000)
 Metaspace       used 34585K, capacity 35214K, committed 35416K, reserved 1079296K
  class space    used 4789K, capacity 4993K, committed 5120K, reserved 1048576K
}

