# JRE version: OpenJDK Runtime Environment (8.0_152-b06) (build 1.8.0_152-release-1136-b06)
# Java VM: OpenJDK 64-Bit Server VM (25.152-b06 mixed mode windows-amd64 compressed oops)
Heap:
 PSYoungGen      total 98304K, used 43344K [0x00000000e0000000, 0x00000000e6b80000, 0x0000000100000000)
  eden space 87552K, 38% used [0x00000000e0000000,0x00000000e2108070,0x00000000e5580000)
  from space 10752K, 88% used [0x00000000e5580000,0x00000000e5ecc220,0x00000000e6000000)
  to   space 10752K, 0% used [0x00000000e6000000,0x00000000e6000000,0x00000000e6a80000)
 ParOldGen       total 114688K, used 15998K [0x00000000a0000000, 0x00000000a7000000, 0x00000000e0000000)
  object space 114688K, 13% used [0x00000000a0000000,0x00000000a0f9fbe0,0x00000000a7000000)
 Metaspace       used 42192K, capacity 43044K, committed 43392K, reserved 1087488K
  class space    used 5686K, capacity 5949K, committed 6016K, reserved 1048576K
GC Heap History (10 events):
Event: 4.368 GC heap before
{Heap before GC invocations=5 (full 1):
 PSYoungGen      total 76288K, used 65536K [0x00000000e0000000, 0x00000000e5500000, 0x0000000100000000)
  eden space 65536K, 100% used [0x00000000e0000000,0x00000000e4000000,0x00000000e4000000)
  from space 10752K, 0% used [0x00000000e4000000,0x00000000e4000000,0x00000000e4a80000)
  to   space 10752K, 0% used [0x00000000e4a80000,0x00000000e4a80000,0x00000000e5500000)
 ParOldGen       total 114688K, used 8440K [0x00000000a0000000, 0x00000000a7000000, 0x00000000e0000000)
  object space 114688K, 7% used [0x00000000a0000000,0x00000000a083e1c8,0x00000000a7000000)
 Metaspace       used 26802K, capacity 27298K, committed 27648K, reserved 1073152K
  class space    used 3655K, capacity 3801K, committed 3840K, reserved 1048576K
Event: 4.373 GC heap after
Heap after GC invocations=5 (full 1):
 PSYoungGen      total 76288K, used 7329K [0x00000000e0000000, 0x00000000e6b80000, 0x0000000100000000)
  eden space 65536K, 0% used [0x00000000e0000000,0x00000000e0000000,0x00000000e4000000)
  from space 10752K, 68% used [0x00000000e4a80000,0x00000000e51a86f0,0x00000000e5500000)
  to   space 10752K, 0% used [0x00000000e4000000,0x00000000e4000000,0x00000000e4a80000)
 ParOldGen       total 114688K, used 8448K [0x00000000a0000000, 0x00000000a7000000, 0x00000000e0000000)
  object space 114688K, 7% used [0x00000000a0000000,0x00000000a08401c8,0x00000000a7000000)
 Metaspace       used 26802K, capacity 27298K, committed 27648K, reserved 1073152K
  class space    used 3655K, capacity 3801K, committed 3840K, reserved 1048576K
}
Event: 5.302 GC heap before
{Heap before GC invocations=6 (full 1):
 PSYoungGen      total 76288K, used 72865K [0x00000000e0000000, 0x00000000e6b80000, 0x0000000100000000)
  eden space 65536K, 100% used [0x00000000e0000000,0x00000000e4000000,0x00000000e4000000)
  from space 10752K, 68% used [0x00000000e4a80000,0x00000000e51a86f0,0x00000000e5500000)
  to   space 10752K, 0% used [0x00000000e4000000,0x00000000e4000000,0x00000000e4a80000)
 ParOldGen       total 114688K, used 8448K [0x00000000a0000000, 0x00000000a7000000, 0x00000000e0000000)
  object space 114688K, 7% used [0x00000000a0000000,0x00000000a08401c8,0x00000000a7000000)
 Metaspace       used 30039K, capacity 30516K, committed 30720K, reserved 1075200K
  class space    used 4173K, capacity 4319K, committed 4352K, reserved 1048576K
Event: 5.307 GC heap after
Heap after GC invocations=6 (full 1):
 PSYoungGen      total 76288K, used 8674K [0x00000000e0000000, 0x00000000e6a80000, 0x0000000100000000)
  eden space 65536K, 0% used [0x00000000e0000000,0x00000000e0000000,0x00000000e4000000)
  from space 10752K, 80% used [0x00000000e4000000,0x00000000e4878948,0x00000000e4a80000)
  to   space 10752K, 0% used [0x00000000e6000000,0x00000000e6000000,0x00000000e6a80000)
 ParOldGen       total 114688K, used 8456K [0x00000000a0000000, 0x00000000a7000000, 0x00000000e0000000)
  object space 114688K, 7% used [0x00000000a0000000,0x00000000a08421c8,0x00000000a7000000)
 Metaspace       used 30039K, capacity 30516K, committed 30720K, reserved 1075200K
  class space    used 4173K, capacity 4319K, committed 4352K, reserved 1048576K
}
Event: 6.126 GC heap before
{Heap before GC invocations=7 (full 1):
 PSYoungGen      total 76288K, used 38366K [0x00000000e0000000, 0x00000000e6a80000, 0x0000000100000000)
  eden space 65536K, 45% used [0x00000000e0000000,0x00000000e1cff158,0x00000000e4000000)
  from space 10752K, 80% used [0x00000000e4000000,0x00000000e4878948,0x00000000e4a80000)
  to   space 10752K, 0% used [0x00000000e6000000,0x00000000e6000000,0x00000000e6a80000)
 ParOldGen       total 114688K, used 8456K [0x00000000a0000000, 0x00000000a7000000, 0x00000000e0000000)
  object space 114688K, 7% used [0x00000000a0000000,0x00000000a08421c8,0x00000000a7000000)
 Metaspace       used 34639K, capacity 35214K, committed 35416K, reserved 1079296K
  class space    used 4790K, capacity 4993K, committed 5120K, reserved 1048576K
Event: 6.134 GC heap after
Heap after GC invocations=7 (full 1):
 PSYoungGen      total 98304K, used 9512K [0x00000000e0000000, 0x00000000e6b80000, 0x0000000100000000)
  eden space 87552K, 0% used [0x00000000e0000000,0x00000000e0000000,0x00000000e5580000)
  from space 10752K, 88% used [0x00000000e6000000,0x00000000e694a168,0x00000000e6a80000)
  to   space 10752K, 0% used [0x00000000e5580000,0x00000000e5580000,0x00000000e6000000)
 ParOldGen       total 114688K, used 8464K [0x00000000a0000000, 0x00000000a7000000, 0x00000000e0000000)
  object space 114688K, 7% used [0x00000000a0000000,0x00000000a08441c8,0x00000000a7000000)
 Metaspace       used 34639K, capacity 35214K, committed 35416K, reserved 1079296K
  class space    used 4790K, capacity 4993K, committed 5120K, reserved 1048576K
}
Event: 6.134 GC heap before
{Heap before GC invocations=8 (full 2):
 PSYoungGen      total 98304K, used 9512K [0x00000000e0000000, 0x00000000e6b80000, 0x0000000100000000)
  eden space 87552K, 0% used [0x00000000e0000000,0x00000000e0000000,0x00000000e5580000)
  from space 10752K, 88% used [0x00000000e6000000,0x00000000e694a168,0x00000000e6a80000)
  to   space 10752K, 0% used [0x00000000e5580000,0x00000000e5580000,0x00000000e6000000)
 ParOldGen       total 114688K, used 8464K [0x00000000a0000000, 0x00000000a7000000, 0x00000000e0000000)
  object space 114688K, 7% used [0x00000000a0000000,0x00000000a08441c8,0x00000000a7000000)
 Metaspace       used 34639K, capacity 35214K, committed 35416K, reserved 1079296K
  class space    used 4790K, capacity 4993K, committed 5120K, reserved 1048576K
Event: 6.183 GC heap after
Heap after GC invocations=8 (full 2):
 PSYoungGen      total 98304K, used 0K [0x00000000e0000000, 0x00000000e6b80000, 0x0000000100000000)
  eden space 87552K, 0% used [0x00000000e0000000,0x00000000e0000000,0x00000000e5580000)
  from space 10752K, 0% used [0x00000000e6000000,0x00000000e6000000,0x00000000e6a80000)
  to   space 10752K, 0% used [0x00000000e5580000,0x00000000e5580000,0x00000000e6000000)
 ParOldGen       total 114688K, used 15990K [0x00000000a0000000, 0x00000000a7000000, 0x00000000e0000000)
  object space 114688K, 13% used [0x00000000a0000000,0x00000000a0f9dbe0,0x00000000a7000000)
 Metaspace       used 34639K, capacity 35214K, committed 35416K, reserved 1079296K
  class space    used 4790K, capacity 4993K, committed 5120K, reserved 1048576K
}
Event: 8.889 GC heap before
{Heap before GC invocations=9 (full 2):
 PSYoungGen      total 98304K, used 87552K [0x00000000e0000000, 0x00000000e6b80000, 0x0000000100000000)
  eden space 87552K, 100% used [0x00000000e0000000,0x00000000e5580000,0x00000000e5580000)
  from space 10752K, 0% used [0x00000000e6000000,0x00000000e6000000,0x00000000e6a80000)
  to   space 10752K, 0% used [0x00000000e5580000,0x00000000e5580000,0x00000000e6000000)
 ParOldGen       total 114688K, used 15990K [0x00000000a0000000, 0x00000000a7000000, 0x00000000e0000000)
  object space 114688K, 13% used [0x00000000a0000000,0x00000000a0f9dbe0,0x00000000a7000000)
 Metaspace       used 40472K, capacity 41162K, committed 41600K, reserved 1085440K
  class space    used 5479K, capacity 5711K, committed 5760K, reserved 1048576K
Event: 8.899 GC heap after
Heap after GC invocations=9 (full 2):
 PSYoungGen      total 98304K, used 9520K [0x00000000e0000000, 0x00000000e6b80000, 0x0000000100000000)
  eden space 87552K, 0% used [0x00000000e0000000,0x00000000e0000000,0x00000000e5580000)
  from space 10752K, 88% used [0x00000000e5580000,0x00000000e5ecc220,0x00000000e6000000)
  to   space 10752K, 0% used [0x00000000e6000000,0x00000000e6000000,0x00000000e6a80000)
 ParOldGen       total 114688K, used 15998K [0x00000000a0000000, 0x00000000a7000000, 0x00000000e0000000)
  object space 114688K, 13% used [0x00000000a0000000,0x00000000a0f9fbe0,0x00000000a7000000)
 Metaspace       used 40472K, capacity 41162K, committed 41600K, reserved 1085440K
  class space    used 5479K, capacity 5711K, committed 5760K, reserved 1048576K
}

